<?xml version="1.0" encoding="UTF-8"?>
<testng-results ignored="0" total="1" passed="1" failed="0" skipped="0">
  <reporter-output>
  </reporter-output>
  <suite started-at="2020-01-09T02:18:43Z" name="Default suite" finished-at="2020-01-09T02:20:59Z" duration-ms="135904">
    <groups>
    </groups>
    <test started-at="2020-01-09T02:18:43Z" name="Default test" finished-at="2020-01-09T02:20:59Z" duration-ms="135904">
      <class name="com.training.sanity.tests.LoginTests">
        <test-method is-config="true" signature="setUpBeforeClass()[pri:0, instance:com.training.sanity.tests.LoginTests@3a079870]" started-at="2020-01-09T02:18:43Z" name="setUpBeforeClass" finished-at="2020-01-09T02:18:43Z" duration-ms="128" status="PASS">
          <reporter-output>
          </reporter-output>
        </test-method> <!-- setUpBeforeClass -->
        <test-method is-config="true" signature="setUp()[pri:0, instance:com.training.sanity.tests.LoginTests@3a079870]" started-at="2020-01-09T02:18:43Z" name="setUp" finished-at="2020-01-09T02:20:33Z" duration-ms="110019" status="PASS">
          <reporter-output>
          </reporter-output>
        </test-method> <!-- setUp -->
        <test-method signature="validLoginTest()[pri:0, instance:com.training.sanity.tests.LoginTests@3a079870]" started-at="2020-01-09T02:20:33Z" name="validLoginTest" finished-at="2020-01-09T02:20:54Z" duration-ms="20962" status="PASS">
          <reporter-output>
          </reporter-output>
        </test-method> <!-- validLoginTest -->
        <test-method is-config="true" signature="tearDown()[pri:0, instance:com.training.sanity.tests.LoginTests@3a079870]" started-at="2020-01-09T02:20:54Z" name="tearDown" finished-at="2020-01-09T02:20:59Z" duration-ms="4601" status="PASS">
          <reporter-output>
          </reporter-output>
        </test-method> <!-- tearDown -->
      </class> <!-- com.training.sanity.tests.LoginTests -->
    </test> <!-- Default test -->
  </suite> <!-- Default suite -->
</testng-results>
